2025-11-12 08:08:50, SELF, v:1, k:poo@array
2025-11-12 08:08:52, MOVE, v:1, k:poo@array, mode:PICK
2025-11-12 08:08:58, EXEC, v:1, k:poo@array, mode:LOCK, rate:100
2025-11-12 08:09:05, EXEC, v:1, k:poo@array, mode:LOCK, rate:100
2025-11-12 08:10:40, MOVE, v:1, k:poo@array, mode:BACK
2025-11-12 08:16:03, MOVE, v:1, k:poo@array, mode:PICK
2025-11-12 08:16:04, EXEC, v:1, k:poo@array, mode:LOCK, rate:100
2025-11-12 08:16:05, EXEC, v:1, k:poo@array, mode:LOCK, rate:100
2025-11-12 08:16:10, MOVE, v:1, k:poo@array, mode:BACK
2025-11-12 08:16:10, MOVE, v:1, k:poo@array, mode:PICK
2025-11-12 08:16:12, EXEC, v:1, k:poo@array, mode:LOCK, rate:100
2025-11-12 08:16:12, MOVE, v:1, k:poo@array, mode:BACK
2025-11-12 08:16:13, MOVE, v:1, k:poo@array, mode:PICK
2025-11-12 08:16:13, MOVE, v:1, k:poo@array, mode:BACK
2025-11-12 08:16:14, MOVE, v:1, k:poo@array, mode:PICK
2025-11-12 08:16:14, MOVE, v:1, k:poo@array, mode:BACK
2025-11-12 10:12:36, MOVE, v:1, k:poo@array, mode:PICK
2025-11-12 10:12:38, EXEC, v:1, k:poo@array, mode:LOCK, rate:100
2025-11-12 10:15:04, EXEC, v:1, k:poo@array, mode:LOCK, rate:100
2025-11-12 10:15:22, EXEC, v:1, k:poo@array, mode:LOCK, rate:0, size:16
2025-11-12 10:15:59, MOVE, v:1, k:poo@array, mode:BACK
2025-11-12 10:17:17, MOVE, v:1, k:poo@array, mode:PICK
2025-11-12 10:17:19, EXEC, v:1, k:poo@array, mode:LOCK, rate:0
2025-11-12 10:21:59, MOVE, v:1, k:poo@array, mode:BACK
2025-11-12 10:22:16, MOVE, v:1, k:poo@budega, mode:PICK
2025-11-12 10:22:21, EXEC, v:1, k:poo@budega, mode:FULL, rate:0, size:64
2025-11-12 10:23:51, MOVE, v:1, k:poo@budega, mode:BACK
2025-11-12 10:24:08, MOVE, v:1, k:poo@array, mode:PICK
2025-11-12 10:24:09, EXEC, v:1, k:poo@array, mode:LOCK, rate:0
2025-11-12 10:24:11, EXEC, v:1, k:poo@array, mode:LOCK, rate:0
2025-11-12 10:24:22, EXEC, v:1, k:poo@array, mode:LOCK, rate:0, size:17
2025-11-12 10:25:18, EXEC, v:1, k:poo@array, mode:LOCK, rate:0, size:18
2025-11-12 10:25:43, EXEC, v:1, k:poo@array, mode:LOCK, rate:0
2025-11-12 10:25:44, EXEC, v:1, k:poo@array, mode:LOCK, rate:0
2025-11-12 10:26:16, EXEC, v:1, k:poo@array, mode:LOCK, rate:0
2025-11-12 10:27:23, EXEC, v:1, k:poo@array, mode:LOCK, rate:0
2025-11-12 10:27:24, EXEC, v:1, k:poo@array, mode:LOCK, rate:0
2025-11-12 10:28:56, EXEC, v:1, k:poo@array, mode:LOCK, rate:0, size:21
2025-11-12 10:29:14, EXEC, v:1, k:poo@array, mode:LOCK, rate:0
2025-11-12 10:29:24, EXEC, v:1, k:poo@array, mode:LOCK, rate:0, size:19
2025-11-12 10:34:46, EXEC, v:1, k:poo@array, mode:LOCK, rate:0, size:24
2025-11-12 10:35:43, EXEC, v:1, k:poo@array, mode:LOCK, rate:0, size:24
2025-11-12 10:35:46, EXEC, v:1, k:poo@array, mode:LOCK, rate:0
2025-11-12 10:35:52, EXEC, v:1, k:poo@array, mode:LOCK, rate:0, size:18
2025-11-12 10:38:23, EXEC, v:1, k:poo@array, mode:LOCK, rate:0
2025-11-12 10:43:41, EXEC, v:1, k:poo@array, mode:LOCK, rate:0, size:22
2025-11-12 10:45:27, EXEC, v:1, k:poo@array, mode:LOCK, rate:0, size:20
2025-11-12 10:45:34, EXEC, v:1, k:poo@array, mode:LOCK, rate:0, size:21
2025-11-12 10:46:10, EXEC, v:1, k:poo@array, mode:LOCK, rate:0, size:21
2025-11-12 10:46:47, EXEC, v:1, k:poo@array, mode:LOCK, rate:0, size:22
2025-11-12 10:49:35, EXEC, v:1, k:poo@array, mode:LOCK, rate:0, size:25
2025-11-12 10:49:53, EXEC, v:1, k:poo@array, mode:LOCK, rate:0
2025-11-12 10:50:04, EXEC, v:1, k:poo@array, mode:LOCK, rate:0, size:23
2025-11-12 10:54:52, EXEC, v:1, k:poo@array, mode:LOCK, rate:0, size:24
2025-11-12 10:55:04, EXEC, v:1, k:poo@array, mode:LOCK, rate:0
2025-11-12 10:55:09, EXEC, v:1, k:poo@array, mode:LOCK, rate:0, size:25
2025-11-12 10:57:57, EXEC, v:1, k:poo@array, mode:LOCK, rate:0, size:27
2025-11-12 10:58:28, EXEC, v:1, k:poo@array, mode:LOCK, rate:0
2025-11-12 10:58:38, EXEC, v:1, k:poo@array, mode:LOCK, rate:0
2025-11-12 10:58:49, EXEC, v:1, k:poo@array, mode:LOCK, rate:0
2025-11-12 10:59:02, EXEC, v:1, k:poo@array, mode:LOCK, rate:0, size:27
2025-11-12 10:59:10, EXEC, v:1, k:poo@array, mode:LOCK, rate:0, size:27
2025-11-12 10:59:33, EXEC, v:1, k:poo@array, mode:LOCK, rate:0
2025-11-12 10:59:41, EXEC, v:1, k:poo@array, mode:LOCK, rate:0, size:27
2025-11-12 11:00:50, EXEC, v:1, k:poo@array, mode:LOCK, rate:0, size:29
2025-11-12 11:01:17, EXEC, v:1, k:poo@array, mode:LOCK, rate:0, size:29
2025-11-12 11:01:46, EXEC, v:1, k:poo@array, mode:LOCK, rate:0, size:29
2025-11-12 11:06:41, EXEC, v:1, k:poo@array, mode:LOCK, rate:0
2025-11-12 11:07:01, EXEC, v:1, k:poo@array, mode:LOCK, rate:0, size:33
2025-11-12 11:07:25, EXEC, v:1, k:poo@array, mode:LOCK, rate:0
2025-11-12 11:08:02, EXEC, v:1, k:poo@array, mode:LOCK, rate:0, size:33
2025-11-12 11:08:58, EXEC, v:1, k:poo@array, mode:LOCK, rate:0, size:36
2025-11-12 11:09:15, EXEC, v:1, k:poo@array, mode:LOCK, rate:0, size:31
2025-11-12 11:09:38, EXEC, v:1, k:poo@array, mode:LOCK, rate:0, size:32
2025-11-12 11:09:38, EXEC, v:1, k:poo@array, mode:LOCK, rate:0
2025-11-12 11:09:39, EXEC, v:1, k:poo@array, mode:LOCK, rate:0
2025-11-12 11:09:39, EXEC, v:1, k:poo@array, mode:LOCK, rate:0
2025-11-12 11:09:39, EXEC, v:1, k:poo@array, mode:LOCK, rate:0
2025-11-12 11:09:39, EXEC, v:1, k:poo@array, mode:LOCK, rate:0
2025-11-12 11:09:40, EXEC, v:1, k:poo@array, mode:LOCK, rate:0
2025-11-12 11:09:40, EXEC, v:1, k:poo@array, mode:LOCK, rate:0
2025-11-12 11:09:40, EXEC, v:1, k:poo@array, mode:LOCK, rate:0
2025-11-12 11:09:40, EXEC, v:1, k:poo@array, mode:LOCK, rate:0
2025-11-12 11:10:04, EXEC, v:1, k:poo@array, mode:LOCK, rate:0, size:32
2025-11-12 11:14:45, EXEC, v:1, k:poo@array, mode:LOCK, rate:0, size:32
2025-11-12 11:16:20, EXEC, v:1, k:poo@array, mode:LOCK, rate:0, size:32
2025-11-12 11:18:56, EXEC, v:1, k:poo@array, mode:LOCK, rate:0
2025-11-12 11:19:31, EXEC, v:1, k:poo@array, mode:LOCK, rate:0
2025-11-12 11:19:36, EXEC, v:1, k:poo@array, mode:LOCK, rate:0, size:32
2025-11-12 11:19:52, EXEC, v:1, k:poo@array, mode:LOCK, rate:0, size:32
2025-11-12 11:20:20, EXEC, v:1, k:poo@array, mode:LOCK, rate:0, size:32
2025-11-12 11:22:08, EXEC, v:1, k:poo@array, mode:LOCK, rate:0, size:31
2025-11-12 11:24:24, EXEC, v:1, k:poo@array, mode:LOCK, rate:0, size:32
2025-11-12 11:24:54, EXEC, v:1, k:poo@array, mode:LOCK, rate:0, size:30
2025-11-12 11:26:09, EXEC, v:1, k:poo@array, mode:LOCK, rate:0, size:31
2025-11-12 15:36:37, EXEC, v:1, k:poo@array, mode:LOCK, rate:0, size:34
2025-11-12 15:39:01, EXEC, v:1, k:poo@array, mode:LOCK, rate:0, size:34
2025-11-12 15:39:13, EXEC, v:1, k:poo@array, mode:LOCK, rate:0
2025-11-12 15:39:20, EXEC, v:1, k:poo@array, mode:LOCK, rate:0, size:34
2025-11-12 15:39:37, EXEC, v:1, k:poo@array, mode:LOCK, rate:0, size:34
2025-11-12 15:39:52, EXEC, v:1, k:poo@array, mode:LOCK, rate:0, size:34
