2025-11-18 07:35:27, MOVE, v:1, k:poo@cinema, mode:PICK
2025-11-18 07:35:30, EXEC, v:1, k:poo@cinema, mode:FULL, rate:100
2025-11-18 07:35:45, MOVE, v:1, k:poo@cinema, mode:BACK
2025-11-18 07:37:16, MOVE, v:1, k:poo@array, mode:PICK
2025-11-18 07:37:19, EXEC, v:1, k:poo@array, mode:LOCK, rate:0
2025-11-18 07:42:09, EXEC, v:1, k:poo@array, mode:LOCK, rate:0, size:35
2025-11-18 07:42:27, EXEC, v:1, k:poo@array, mode:LOCK, rate:0, size:35
2025-11-18 07:42:41, EXEC, v:1, k:poo@array, mode:LOCK, rate:0
2025-11-18 07:42:47, EXEC, v:1, k:poo@array, mode:LOCK, rate:0, size:35
2025-11-18 07:42:56, EXEC, v:1, k:poo@array, mode:LOCK, rate:0, size:35
2025-11-18 07:43:08, EXEC, v:1, k:poo@array, mode:LOCK, rate:0, size:35
2025-11-18 09:58:08, EXEC, v:1, k:poo@array, mode:LOCK, rate:0, size:35
2025-11-18 09:58:21, EXEC, v:1, k:poo@array, mode:LOCK, rate:0, size:34
2025-11-18 10:04:08, MOVE, v:1, k:poo@array, mode:BACK
2025-11-18 10:04:39, MOVE, v:1, k:poo@budega, mode:PICK
2025-11-18 10:04:45, EXEC, v:1, k:poo@budega, mode:FULL, rate:90
2025-11-18 10:04:52, MOVE, v:1, k:poo@budega, mode:BACK
2025-11-18 10:05:08, MOVE, v:1, k:poo@cinema, mode:PICK
2025-11-18 10:05:37, MOVE, v:1, k:poo@cinema, mode:BACK
2025-11-18 10:05:47, MOVE, v:1, k:poo@budega, mode:PICK
2025-11-18 10:05:52, EXEC, v:1, k:poo@budega, mode:FULL, rate:90
2025-11-18 10:06:14, EXEC, v:1, k:poo@budega, mode:FULL, rate:90
2025-11-18 10:08:42, EXEC, v:1, k:poo@budega, mode:FULL, rate:80, size:79
2025-11-18 10:09:08, EXEC, v:1, k:poo@budega, mode:FULL, rate:80, size:79
2025-11-18 10:12:13, EXEC, v:1, k:poo@budega, mode:FULL, rate:80, size:79
2025-11-18 10:12:41, EXEC, v:1, k:poo@budega, mode:FULL, rate:80, size:79
2025-11-18 10:14:31, EXEC, v:1, k:poo@budega, mode:FULL, rate:70, size:79
2025-11-18 10:15:27, EXEC, v:1, k:poo@budega, mode:FULL, rate:90, size:77
2025-11-18 10:16:21, EXEC, v:1, k:poo@budega, mode:FULL, rate:100, size:77
2025-11-18 10:16:31, MOVE, v:1, k:poo@budega, mode:BACK
2025-11-18 10:18:11, SELF, v:1, k:poo@budega, rate:100
2025-11-18 15:30:37, MOVE, v:1, k:poo@array, mode:PICK
2025-11-18 15:30:38, EXEC, v:1, k:poo@array, mode:LOCK, rate:0, size:34
2025-11-18 15:30:56, EXEC, v:1, k:poo@array, mode:LOCK, rate:0, size:34
2025-11-18 15:32:18, EXEC, v:1, k:poo@array, mode:LOCK, rate:0, size:37
2025-11-18 17:27:44, MOVE, v:1, k:poo@array, mode:PICK
2025-11-18 17:27:47, EXEC, v:1, k:poo@array, mode:LOCK, rate:0, size:58
2025-11-18 17:28:30, EXEC, v:1, k:poo@array, mode:LOCK, rate:0, size:50
2025-11-18 17:28:31, EXEC, v:1, k:poo@array, mode:LOCK, rate:0
2025-11-18 17:28:31, EXEC, v:1, k:poo@array, mode:LOCK, rate:0
2025-11-18 17:28:32, EXEC, v:1, k:poo@array, mode:LOCK, rate:0
2025-11-18 17:28:32, EXEC, v:1, k:poo@array, mode:LOCK, rate:0
2025-11-18 17:45:24, EXEC, v:1, k:poo@array, mode:LOCK, rate:0, size:75
2025-11-18 17:49:54, EXEC, v:1, k:poo@array, mode:LOCK, rate:0, size:72
2025-11-18 17:50:45, EXEC, v:1, k:poo@array, mode:LOCK, rate:0, size:71
