2025-11-17 12:35:23, MOVE, v:1, k:poo@lapiseira, mode:PICK
2025-11-17 12:35:29, EXEC, v:1, k:poo@lapiseira, mode:FULL, rate:50
2025-11-17 12:38:11, EXEC, v:1, k:poo@lapiseira, mode:FULL, rate:50, size:110
2025-11-17 12:39:35, EXEC, v:1, k:poo@lapiseira, mode:FULL, rate:50, size:112
2025-11-17 12:40:21, EXEC, v:1, k:poo@lapiseira, mode:FULL, rate:50, size:112
2025-11-17 12:48:35, EXEC, v:1, k:poo@lapiseira, mode:FULL, rate:57, size:112
2025-11-17 12:49:56, EXEC, v:1, k:poo@lapiseira, mode:FULL, rate:100, size:112
2025-11-17 12:51:33, MOVE, v:1, k:poo@lapiseira, mode:BACK
2025-11-17 12:51:53, MOVE, v:1, k:poo@cinema, mode:DOWN
2025-11-17 13:13:02, MOVE, v:1, k:poo@cinema, mode:PICK
2025-11-17 13:40:20, EXEC, v:1, k:poo@cinema, mode:FULL, rate:0, size:28
2025-11-17 13:41:15, EXEC, v:1, k:poo@cinema, mode:FULL, rate:0, size:31
2025-11-17 13:43:18, EXEC, v:1, k:poo@cinema, mode:FULL, rate:0, size:31
2025-11-17 13:48:54, EXEC, v:1, k:poo@cinema, mode:FULL, rate:0, size:34
2025-11-17 13:49:31, EXEC, v:1, k:poo@cinema, mode:FULL, rate:0, size:34
2025-11-17 13:49:52, EXEC, v:1, k:poo@cinema, mode:FULL, rate:0, size:34
2025-11-17 13:50:07, EXEC, v:1, k:poo@cinema, mode:FULL, rate:0, size:34
2025-11-17 13:50:17, EXEC, v:1, k:poo@cinema, mode:FULL, rate:0, size:34
2025-11-17 13:56:06, EXEC, v:1, k:poo@cinema, mode:FULL, rate:11, size:34
2025-11-17 15:22:24, MOVE, v:1, k:poo@cinema, mode:PICK
2025-11-17 15:22:30, EXEC, v:1, k:poo@cinema, mode:FULL, rate:11
2025-11-17 15:28:40, MOVE, v:1, k:poo@cinema, mode:BACK
